5
12
23
42
76
136
241
425
748
1315
2310
4056
7120
12497
21933
38492
67551
118546
208036
365080
640673
1124305
1973020
3462411
6076110
10662832
18711968
32837217
57625301
101125356
177462631
311425210
546513148
959063720
684795152
957039735
191859335
111474090
988128583
60153708
241897279
413525083
645306598
120741042
9700572
543966703
200729526
865437277
77623028
488782661
767135221
124866459
969624714
585029487
325300722
36952321
333633410
955615224
616305009
610628207
562322279
132077010
312459951
56920821
931703057
122456541
368375202
547752570
849586482
521551246
741268583
812328052
406694417
742329368
892048021
450216741
750714832
945016594
591290747
988279735
333796614
270604243
197447257
458086888
989330765
719777549
908311224
89686961
989084603
800304766
701211893
592959273
286767069
681786761
671521376
948023063
908067161
541388285
124488122
615655123
649966059
808765120
584974954
12906497
249603163
73030433
907608556
993545492
154268511
222600089
286232809
504134043
944635369
673125154
905748985
86519482
938659489
700059778
547979552
336314465
824709159
862839055
239039066
439948239
505452117
809995064
556241900
807940856
871390526
492837746
922225825
226515727
23643378
742996857
690621713
661889950
377910694
784553154
854841214
304795618
539303179
630407604
28063297
963266525
532388654
129574083
690026040
784622301
10548295
924744685
627074673
339952959
977575933
245784877
852191136
439684625
272962994
958432502
87097932
486970712
847031644
295946158
231831387
16503910
97122594
409572668
738526655
166358886
3763788
579695348
323741444
71551331
399056569
52058901
774856920
898467158
75891947
28173659
878922532
807319002
763889134
601137448
247460414
657672517
670777718
931343336
851337121
443864274
967734766
346453676
169036863
959354819
99637748
407201896
675876513
45944528
821458795
276360872
775451833
99512886
698179167
75808578
551195231
726516701
977646752
781727684
314080967
824081005
119320024
726884366
162041010
714762034
996123074
441280774
601200511
758998972
359833857
561869256
524659277
847283158
733531945
146195659
406142534
401377004
542807136
92135452
42840775
536353237
123756801
752245496
918843078
210953111
255308643
220262903
396170277
827386297
480620870
530025723
408572523
767740196
658689242
958210814
28983879
756690542
446119316
164531972
639635173
562613340
650123482
379024447
670538755
613932195
936350085
931062380
541462520
89968395
569536653
592323081
705077907
389125036
665495249
648699019
22783475
62363183
750641913
463459768
238640809
764463766
755502141
985181328
981079931
734236325
474329697
197258650
654423931
587674559
718183840
504872702
879236126
973539040
574470306
56393348
511855433
543543474
631624866
233317341
378553293
157169761
169103573
559590681
109003200
825763648
105626074
492736056
707365336
29376340
842367756
366235805
917724550
315092348
78695954
760024113
758200270
835072384
673724261
272332058
706012242
815172337
198420140
287680188
193868223
298476401
690764770
278677012
165065658
742219077
599805158
622456900
389083369
755514999
746159179
127642378
264640579
149553609
162109020
439305013
866054618
456668893
486588184
384317743
738716198
581458487
808518522
776050405
326796425
686060970
823131570
288754245
440437893
417008761
682333877
389852536
514379959
322996909
521466398
236071496
273673506
832741917
629637474
700206540
605273173
141732930
378399230
222094353
207522409
571349698
159026990
952471047
320776099
846352497
327911239
130246083
778933427
757287660
865887979
755177375
403510081
917730769
190640129
865303926
461209789
247755784
899605708
16176718
378747868
642680376
922789605
583402352
886695478
116289506
927530242
628977753
446714773
193737685
569738353
394209444
412418223
2121005
984277587
382363689
780815152
167055499
933903891
485078732
203309075
855443312
994411931
338445275
537921934
733566174
269411339
343178441
152267367
230767635
652446347
228148076
34617443
493533160
182352603
904033845
122759544
522082202
827194355
256821702
208531254
987435164
26672073
272684592
507887925
769763334
306078985
350282564
166005127
287806678
759890796
399735691
327387267
16685289
105719005
522139991
955246269
495827202
558548129
578270975
95576673
171430503
825555311
577012442
499900079
250098677
577309720
406176492
485141944
143172766
207380083
756729347
451007027
352664793
12807556
123957349
587771938
66149733
666729233
856836321
114848792
39590499
821168530
719351003
657123978
417821133
897869294
38552730
595301655
53431171
548357773
640341680
785756761
481285265
817155452
940538050
546961563
970540531
338168846
252758727
139644789
364699700
842513341
461727421
445641204
273823978
563734176
301041228
312172261
887037473
764699563
954533917
34917041
878244084
679616341
515905642
232194677
628100056
541666727
687428078
463045135
780328922
786796437
258064737
509661962
549811274
848025326
657656990
18855578
228079495
96716052
982452543
99779826
312067517
508563401
804839114
414937994
533600278
458857326
799052371
674603344
10767293
145983616
955803286
778145899
746472131
672357299
378144016
830402867
956774667
463046133
799720469
96680769
854931558
416414113
74577440
587672328
518936979
524779073
120049145
234256199
873242329
634033254
629080381
499125487
4959497
139873891
773913775
414668806
195297731
749840434
720807593
887072486
804933463
445357683
972854392
308795861
90095016
844248566
908953627
65509354
66313650
976071576
953094506
996431089
19350545
993608863
967809567
961360819
950276584
908757566
830355017
703984702
488127603
104381171
424619444
234740970
149243670
488365817
63984584
787091377
2075284
279288131
345348005
413483166
760906461
455433411
563443530
434115760
760221404
651526228
976946815
66100103
805023975
524405959
309888049
900394117
18817441
445373170
774078666
123357253
916253366
486739442
180582774
790679475
889271268
170201485
241811180
204447793
337285894
711935178
292787905
210926529
841000334
765617694
901161586
879461462
625134682
273725138
801777059
956719312
387142353
619342456
810017521
389590589
588506116
599194814
1229751
990015160
581506680
174227954
756964391
922963158
264945529
363892294
387557867
676168972
330428021
372244940
91986481
142156046
564570554
80727193
737284234
960167479
265533567
308183892
312757346
582864370
162910936
55714851
531383139
171718013
866012094
95200611
494351497
761270127
125145018
981615762
602867930
349265119
79033720
411670254
95327557
856262936
32379866
302068709
429776138
589863436
53775093
945707244
431014128
968340461
454885335
372444340
260099456
602639910
319380354
296220257
875700073
776315893
973151973
49199423
899807122
727078091
603548486
381581653
886692914
997108311
490861011
871306628
252371853
124298092
867530962
864891335
986549803
977494883
835086948
680984466
506132517
168123166
511098284
361961569
380948023
911032764
804834724
81340357
268878757
263007531
338476665
682824559
291935634
239523377
869935682
794039271
957666240
992984541
824097763
614632875
399908178
11036894
236798488
862468263
500930582
376191392
115676115
356091423
972698126
706736594
796866488
861450158
634526072
206224124
639372337
708802272
984456334
901238383
528578354
142130309
656920650
702044995
889299652
735230609
284962211
723993468
900010984
362746361
549475209
637970691
90968184
93440889
733884288
467051521
293659646
854152062
883451649
208166532
387033480
451107727
723348509
384378421
496516063
333757864
555378089
275270027
328919832
937947729
824001303
40730359
195407147
175840888
197004991
413576244
805988388
397161173
401910205
214403275
424057521
37377622
863345354
116881904
406040432
560299964
831441403
510378924
749616412
822050953
406620068
740805598
898797731
465165582
772339034
980065867
654713932
103456681
532265300
617543501
806278386
529034221
869333560
19422582
696790181
247002637
814882031
83062903
596490768
926556314
341440413
352815283
292502117
573629367
209327550
137527853
639357526
352270399
202711128
692509386
536333693
582869131
323669605
600803775
462562726
647991285
435979269
686529982
586827630
923104550
947667102
560812934
98818966
584492103
632733824
779794514
513102957
879145227
28493308
689188702
232540620
802630202
65419783
558994340
856954749
222090591
146220776
927305713
932236891
85144495
165357815
179563676
278914035
543622212
987894068
712835609
981399365
241368486
214173219
170132967
367461204
778962663
362352739
313204022
44773618
138695956
545822319
997722303
590073893
728247805
865899670
595381078
54865941
380250477
302771741
280158949
637796637
299961716
242285747
822406418
704244455
828368242
776654097
430940057
913594262
176413861
868417873
477527444
263050879
916992190
51972242
448247529
763270656
132021675
947264579
529289436
243335971
904647088
98758938
534451115
876546030
319155533
296216154
151578455
326096292
796830286
420898385
371062779
119813109
289461827
830173327
492453586
444195675
227866741
503991396
226067376
176010100
629944223
311701372
169468624
657180102
458348602
428985729
58558608
146480092
663387308
240608782
962554704
351399231
979096896
572860562
518023462
444038908
942914919
961570042
426019723
833384326
205830268
4295936
636145933
475581848
319313702
799191492
756406780
34691420
112167555
946050473
816380461
798878007
729181676
477621456
26694893
304950009
62582231
845153702
934430832
88045843
86814559
21769757
44770801
154586407
286171773
462527943
793470523
412340526
493738475
370362597
659327248
443786024
598607400
414511674
674201975
534255326
808820354
759343007
245876636
541230622
597683265
900012547
745328101
190082570
534849589
626700359
908633702
727172284
174166875
529795171
614351401
873074509
663348438
69729418
349184910
293744490
308033491
671507405
330481459
297489007
936003963
906756028
176752750
382753438
497265804
788530923
464305130
637345144
600671731
30059098
96791612
764195860
